0 info it worked if it ends with ok
1 verbose cli [ '/usr/bin/node', '/usr/bin/npm', 'start' ]
2 info using npm@2.1.4
3 info using node@v0.10.32
4 verbose run-script [ 'prestart', 'start', 'poststart' ]
5 info prestart UdeSeSports@0.0.1
6 info start UdeSeSports@0.0.1
7 verbose unsafe-perm in lifecycle true
8 info UdeSeSports@0.0.1 Failed to exec start script
9 verbose stack Error: UdeSeSports@0.0.1 start: `node app.js`
9 verbose stack Exit status 8
9 verbose stack     at ChildProcess.<anonymous> (/usr/lib/node_modules/npm/lib/utils/lifecycle.js:212:16)
9 verbose stack     at ChildProcess.emit (events.js:98:17)
9 verbose stack     at maybeClose (child_process.js:756:16)
9 verbose stack     at Process.ChildProcess._handle.onexit (child_process.js:823:5)
10 verbose pkgid UdeSeSports@0.0.1
11 verbose cwd /home/j3romee/Projects/UdeSeSports/api
12 error Linux 3.17.0-1-MANJARO
13 error argv "/usr/bin/node" "/usr/bin/npm" "start"
14 error node v0.10.32
15 error npm  v2.1.4
16 error code ELIFECYCLE
17 error UdeSeSports@0.0.1 start: `node app.js`
17 error Exit status 8
18 error Failed at the UdeSeSports@0.0.1 start script.
18 error This is most likely a problem with the UdeSeSports package,
18 error not with npm itself.
18 error Tell the author that this fails on your system:
18 error     node app.js
18 error You can get their info via:
18 error     npm owner ls UdeSeSports
18 error There is likely additional logging output above.
19 verbose exit [ 1, true ]
